2019-10-30 11:49:36.933+0000 WARN [o.n.i.p.PageCache] The dbms.memory.pagecache.size setting has not been configured. It is recommended that this setting is always explicitly configured, to ensure the system has a balanced configuration. Until then, a computed heuristic value of 3221225472 bytes will be used instead. Run `neo4j-admin memrec` for memory configuration suggestions.
2019-10-30 11:49:37.525+0000 INFO [o.n.k.i.f.CommunityEditionModule] No locking implementation specified, defaulting to 'community'
2019-10-30 11:49:37.821+0000 INFO [o.n.k.AvailabilityGuard] Requirement makes database unavailable: Database available
2019-10-30 11:49:37.841+0000 INFO [o.n.k.i.DiagnosticsManager] --- INITIALIZED diagnostics START ---
2019-10-30 11:49:37.841+0000 INFO [o.n.k.i.DiagnosticsManager] Neo4j Kernel properties:
2019-10-30 11:49:37.841+0000 INFO [o.n.k.i.DiagnosticsManager] dbms.connector.http.enabled=true
2019-10-30 11:49:37.841+0000 INFO [o.n.k.i.DiagnosticsManager] dbms.security.auth_enabled=false
2019-10-30 11:49:37.842+0000 INFO [o.n.k.i.DiagnosticsManager] dbms.windows_service_name=neo4j
2019-10-30 11:49:37.842+0000 INFO [o.n.k.i.DiagnosticsManager] dbms.connector.http.listen_address=localhost:7474
2019-10-30 11:49:37.842+0000 INFO [o.n.k.i.DiagnosticsManager] dbms.connector.https.listen_address=localhost:7473
2019-10-30 11:49:37.842+0000 INFO [o.n.k.i.DiagnosticsManager] unsupported.dbms.directories.neo4j_home=/Users/timkleier/MyApps/teleos/db/neo4j/development
2019-10-30 11:49:37.842+0000 INFO [o.n.k.i.DiagnosticsManager] dbms.connector.bolt.listen_address=localhost:7472
2019-10-30 11:49:37.842+0000 INFO [o.n.k.i.DiagnosticsManager] dbms.directories.import=import
2019-10-30 11:49:37.842+0000 INFO [o.n.k.i.DiagnosticsManager] unsupported.dbms.edition=community
2019-10-30 11:49:37.842+0000 INFO [o.n.k.i.DiagnosticsManager] dbms.connector.bolt.enabled=true
2019-10-30 11:49:37.842+0000 INFO [o.n.k.i.DiagnosticsManager] dbms.connector.https.enabled=false
2019-10-30 11:49:37.842+0000 INFO [o.n.k.i.DiagnosticsManager] dbms.jvm.additional=-Dunsupported.dbms.udc.source=tarball
2019-10-30 11:49:37.842+0000 INFO [o.n.k.i.DiagnosticsManager] dbms.tx_log.rotation.retention_policy=1 days
2019-10-30 11:49:37.843+0000 INFO [o.n.k.i.DiagnosticsManager] Diagnostics providers:
2019-10-30 11:49:37.843+0000 INFO [o.n.k.i.DiagnosticsManager] org.neo4j.kernel.configuration.Config
2019-10-30 11:49:37.843+0000 INFO [o.n.k.i.DiagnosticsManager] org.neo4j.kernel.info.DiagnosticsManager
2019-10-30 11:49:37.843+0000 INFO [o.n.k.i.DiagnosticsManager] SYSTEM_MEMORY
2019-10-30 11:49:37.843+0000 INFO [o.n.k.i.DiagnosticsManager] JAVA_MEMORY
2019-10-30 11:49:37.843+0000 INFO [o.n.k.i.DiagnosticsManager] OPERATING_SYSTEM
2019-10-30 11:49:37.843+0000 INFO [o.n.k.i.DiagnosticsManager] JAVA_VIRTUAL_MACHINE
2019-10-30 11:49:37.844+0000 INFO [o.n.k.i.DiagnosticsManager] CLASSPATH
2019-10-30 11:49:37.844+0000 INFO [o.n.k.i.DiagnosticsManager] LIBRARY_PATH
2019-10-30 11:49:37.844+0000 INFO [o.n.k.i.DiagnosticsManager] SYSTEM_PROPERTIES
2019-10-30 11:49:37.844+0000 INFO [o.n.k.i.DiagnosticsManager] TIMEZONE_DATABASE
2019-10-30 11:49:37.844+0000 INFO [o.n.k.i.DiagnosticsManager] NETWORK
2019-10-30 11:49:37.844+0000 INFO [o.n.k.i.DiagnosticsManager] System memory information:
2019-10-30 11:49:37.859+0000 INFO [o.n.k.i.DiagnosticsManager] Total Physical memory: 8.00 GB
2019-10-30 11:49:37.861+0000 INFO [o.n.k.i.DiagnosticsManager] Free Physical memory: 68.89 MB
2019-10-30 11:49:37.861+0000 INFO [o.n.k.i.DiagnosticsManager] Committed virtual memory: 5.82 GB
2019-10-30 11:49:37.862+0000 INFO [o.n.k.i.DiagnosticsManager] Total swap space: 2.00 GB
2019-10-30 11:49:37.863+0000 INFO [o.n.k.i.DiagnosticsManager] Free swap space: 1.17 GB
2019-10-30 11:49:37.863+0000 INFO [o.n.k.i.DiagnosticsManager] JVM memory information:
2019-10-30 11:49:37.863+0000 INFO [o.n.k.i.DiagnosticsManager] Free  memory: 62.33 MB
2019-10-30 11:49:37.863+0000 INFO [o.n.k.i.DiagnosticsManager] Total memory: 128.00 MB
2019-10-30 11:49:37.864+0000 INFO [o.n.k.i.DiagnosticsManager] Max   memory: 2.00 GB
2019-10-30 11:49:37.869+0000 INFO [o.n.k.i.DiagnosticsManager] Garbage Collector: G1 Young Generation: [G1 Eden Space, G1 Survivor Space, G1 Old Gen]
2019-10-30 11:49:37.869+0000 INFO [o.n.k.i.DiagnosticsManager] Garbage Collector: G1 Old Generation: [G1 Eden Space, G1 Survivor Space, G1 Old Gen]
2019-10-30 11:49:37.871+0000 INFO [o.n.k.i.DiagnosticsManager] Memory Pool: Code Cache (Non-heap memory): committed=5.50 MB, used=5.45 MB, max=240.00 MB, threshold=0.00 B
2019-10-30 11:49:37.871+0000 INFO [o.n.k.i.DiagnosticsManager] Memory Pool: Metaspace (Non-heap memory): committed=15.13 MB, used=14.23 MB, max=-1.00 B, threshold=0.00 B
2019-10-30 11:49:37.871+0000 INFO [o.n.k.i.DiagnosticsManager] Memory Pool: Compressed Class Space (Non-heap memory): committed=2.13 MB, used=1.84 MB, max=1.00 GB, threshold=0.00 B
2019-10-30 11:49:37.872+0000 INFO [o.n.k.i.DiagnosticsManager] Memory Pool: G1 Eden Space (Heap memory): committed=77.00 MB, used=61.00 MB, max=-1.00 B, threshold=?
2019-10-30 11:49:37.872+0000 INFO [o.n.k.i.DiagnosticsManager] Memory Pool: G1 Survivor Space (Heap memory): committed=3.00 MB, used=3.00 MB, max=-1.00 B, threshold=?
2019-10-30 11:49:37.873+0000 INFO [o.n.k.i.DiagnosticsManager] Memory Pool: G1 Old Gen (Heap memory): committed=48.00 MB, used=1.67 MB, max=2.00 GB, threshold=0.00 B
2019-10-30 11:49:37.873+0000 INFO [o.n.k.i.DiagnosticsManager] Operating system information:
2019-10-30 11:49:37.875+0000 INFO [o.n.k.i.DiagnosticsManager] Operating System: Mac OS X; version: 10.12.6; arch: x86_64; cpus: 4
2019-10-30 11:49:37.876+0000 INFO [o.n.k.i.DiagnosticsManager] Max number of file descriptors: 10240
2019-10-30 11:49:37.879+0000 INFO [o.n.k.i.DiagnosticsManager] Number of open file descriptors: 114
2019-10-30 11:49:42.907+0000 INFO [o.n.k.i.DiagnosticsManager] Process id: 22252@Tims-Mac-mini.local
2019-10-30 11:49:42.907+0000 INFO [o.n.k.i.DiagnosticsManager] Byte order: LITTLE_ENDIAN
2019-10-30 11:49:42.911+0000 INFO [o.n.k.i.DiagnosticsManager] Local timezone: America/Denver
2019-10-30 11:49:42.911+0000 INFO [o.n.k.i.DiagnosticsManager] JVM information:
2019-10-30 11:49:42.911+0000 INFO [o.n.k.i.DiagnosticsManager] VM Name: OpenJDK 64-Bit Server VM
2019-10-30 11:49:42.911+0000 INFO [o.n.k.i.DiagnosticsManager] VM Vendor: AdoptOpenJDK
2019-10-30 11:49:42.911+0000 INFO [o.n.k.i.DiagnosticsManager] VM Version: 25.232-b09
2019-10-30 11:49:42.913+0000 INFO [o.n.k.i.DiagnosticsManager] JIT compiler: HotSpot 64-Bit Tiered Compilers
2019-10-30 11:49:42.915+0000 INFO [o.n.k.i.DiagnosticsManager] VM Arguments: [-XX:+UseG1GC, -XX:-OmitStackTraceInFastThrow, -XX:+AlwaysPreTouch, -XX:+UnlockExperimentalVMOptions, -XX:+TrustFinalNonStaticFields, -XX:+DisableExplicitGC, -Djdk.tls.ephemeralDHKeySize=2048, -Djdk.tls.rejectClientInitiatedRenegotiation=true, -Dunsupported.dbms.udc.source=tarball, -Dfile.encoding=UTF-8]
2019-10-30 11:49:42.915+0000 INFO [o.n.k.i.DiagnosticsManager] Java classpath:
2019-10-30 11:49:42.917+0000 INFO [o.n.k.i.DiagnosticsManager]  [classpath + loader.0] file:/Users/timkleier/MyApps/teleos/db/neo4j/development/lib/scala-library-2.11.12.jar
2019-10-30 11:49:42.917+0000 INFO [o.n.k.i.DiagnosticsManager]  [classpath + loader.0] file:/Users/timkleier/MyApps/teleos/db/neo4j/development/lib/jsr311-api-1.1.2.r612.jar
2019-10-30 11:49:42.917+0000 INFO [o.n.k.i.DiagnosticsManager]  [classpath + loader.0] file:/Users/timkleier/MyApps/teleos/db/neo4j/development/lib/neo4j-values-3.4.1.jar
2019-10-30 11:49:42.917+0000 INFO [o.n.k.i.DiagnosticsManager]  [classpath + loader.0] file:/Users/timkleier/MyApps/teleos/db/neo4j/development/lib/jersey-server-1.19.3.jar
2019-10-30 11:49:42.917+0000 INFO [o.n.k.i.DiagnosticsManager]  [classpath + loader.0] file:/Users/timkleier/MyApps/teleos/db/neo4j/development/lib/jetty-server-9.4.8.v20171121.jar
2019-10-30 11:49:42.917+0000 INFO [o.n.k.i.DiagnosticsManager]  [classpath + loader.0] file:/Users/timkleier/MyApps/teleos/db/neo4j/development/lib/jPowerShell-1.9.jar
2019-10-30 11:49:42.917+0000 INFO [o.n.k.i.DiagnosticsManager]  [classpath + loader.0] file:/Users/timkleier/MyApps/teleos/db/neo4j/development/lib/neo4j-cypher-interpreted-runtime-3.4.1.jar
2019-10-30 11:49:42.917+0000 INFO [o.n.k.i.DiagnosticsManager]  [classpath + loader.0] file:/Users/timkleier/MyApps/teleos/db/neo4j/development/lib/commons-configuration-1.10.jar
2019-10-30 11:49:42.917+0000 INFO [o.n.k.i.DiagnosticsManager]  [classpath + loader.0] file:/Users/timkleier/MyApps/teleos/db/neo4j/development/lib/bcpkix-jdk15on-1.59.jar
2019-10-30 11:49:42.918+0000 INFO [o.n.k.i.DiagnosticsManager]  [classpath + loader.0] file:/Users/timkleier/MyApps/teleos/db/neo4j/development/lib/neo4j-codegen-3.4.1.jar
2019-10-30 11:49:42.918+0000 INFO [o.n.k.i.DiagnosticsManager]  [loader.1] file:/Library/Java/JavaVirtualMachines/adoptopenjdk-8.jdk/Contents/Home/jre/lib/ext/cldrdata.jar
2019-10-30 11:49:42.919+0000 INFO [o.n.k.i.DiagnosticsManager]  [classpath + loader.0] file:/Users/timkleier/MyApps/teleos/db/neo4j/development/lib/objenesis-2.6.jar
2019-10-30 11:49:42.919+0000 INFO [o.n.k.i.DiagnosticsManager]  [classpath + loader.0] file:/Users/timkleier/MyApps/teleos/db/neo4j/development/lib/jetty-util-9.4.8.v20171121.jar
2019-10-30 11:49:42.919+0000 INFO [o.n.k.i.DiagnosticsManager]  [classpath + loader.0] file:/Users/timkleier/MyApps/teleos/db/neo4j/development/lib/neo4j-cypher-3.4.1.jar
2019-10-30 11:49:42.919+0000 INFO [o.n.k.i.DiagnosticsManager]  [classpath + loader.0] file:/Users/timkleier/MyApps/teleos/db/neo4j/development/lib/neo4j-kernel-api-3.4.1.jar
2019-10-30 11:49:42.919+0000 INFO [o.n.k.i.DiagnosticsManager]  [classpath + loader.0] file:/Users/timkleier/MyApps/teleos/db/neo4j/development/lib/neo4j-lucene-index-3.4.1.jar
2019-10-30 11:49:42.919+0000 INFO [o.n.k.i.DiagnosticsManager]  [bootstrap] /Library/Java/JavaVirtualMachines/adoptopenjdk-8.jdk/Contents/Home/jre/lib/jfr.jar
2019-10-30 11:49:42.919+0000 INFO [o.n.k.i.DiagnosticsManager]  [classpath + loader.0] file:/Users/timkleier/MyApps/teleos/db/neo4j/development/lib/neo4j-cypher-frontend-3.1-3.1.8.jar
2019-10-30 11:49:42.919+0000 INFO [o.n.k.i.DiagnosticsManager]  [classpath + loader.0] file:/Users/timkleier/MyApps/teleos/db/neo4j/development/lib/neo4j-procedure-api-3.4.1.jar
2019-10-30 11:49:42.919+0000 INFO [o.n.k.i.DiagnosticsManager]  [classpath + loader.0] file:/Users/timkleier/MyApps/teleos/db/neo4j/development/lib/neo4j-unsafe-3.4.1.jar
2019-10-30 11:49:42.919+0000 INFO [o.n.k.i.DiagnosticsManager]  [bootstrap] /Library/Java/JavaVirtualMachines/adoptopenjdk-8.jdk/Contents/Home/jre/classes
2019-10-30 11:49:42.919+0000 INFO [o.n.k.i.DiagnosticsManager]  [classpath + loader.0] file:/Users/timkleier/MyApps/teleos/db/neo4j/development/lib/server-api-3.4.1.jar
2019-10-30 11:49:42.919+0000 INFO [o.n.k.i.DiagnosticsManager]  [classpath + loader.0] file:/Users/timkleier/MyApps/teleos/db/neo4j/development/lib/neo4j-cypher-ir-3.3-3.3.5.jar
2019-10-30 11:49:42.919+0000 INFO [o.n.k.i.DiagnosticsManager]  [classpath + loader.0] file:/Users/timkleier/MyApps/teleos/db/neo4j/development/lib/neo4j-common-3.4.1.jar
2019-10-30 11:49:42.919+0000 INFO [o.n.k.i.DiagnosticsManager]  [classpath + loader.0] file:/Users/timkleier/MyApps/teleos/db/neo4j/development/lib/neo4j-logging-3.4.1.jar
2019-10-30 11:49:42.920+0000 INFO [o.n.k.i.DiagnosticsManager]  [classpath + loader.0] file:/Users/timkleier/MyApps/teleos/db/neo4j/development/lib/neo4j-spatial-index-3.4.1.jar
2019-10-30 11:49:42.920+0000 INFO [o.n.k.i.DiagnosticsManager]  [classpath + loader.0] file:/Users/timkleier/MyApps/teleos/db/neo4j/development/lib/WMI4Java-1.6.1.jar
2019-10-30 11:49:42.920+0000 INFO [o.n.k.i.DiagnosticsManager]  [classpath + loader.0] file:/Users/timkleier/MyApps/teleos/db/neo4j/development/lib/neo4j-cypher-frontend-3.3-3.3.5.jar
2019-10-30 11:49:42.920+0000 INFO [o.n.k.i.DiagnosticsManager]  [classpath + loader.0] file:/Users/timkleier/MyApps/teleos/db/neo4j/development/lib/neo4j-ssl-3.4.1.jar
2019-10-30 11:49:42.920+0000 INFO [o.n.k.i.DiagnosticsManager]  [classpath + loader.0] file:/Users/timkleier/MyApps/teleos/db/neo4j/development/lib/neo4j-cypher-planner-3.4-3.4.1.jar
2019-10-30 11:49:42.920+0000 INFO [o.n.k.i.DiagnosticsManager]  [classpath + loader.0] file:/Users/timkleier/MyApps/teleos/db/neo4j/development/lib/commons-lang3-3.7.jar
2019-10-30 11:49:42.920+0000 INFO [o.n.k.i.DiagnosticsManager]  [classpath + loader.0] file:/Users/timkleier/MyApps/teleos/db/neo4j/development/lib/neo4j-cypher-util-3.4-3.4.1.jar
2019-10-30 11:49:42.920+0000 INFO [o.n.k.i.DiagnosticsManager]  [classpath + loader.0] file:/Users/timkleier/MyApps/teleos/db/neo4j/development/lib/neo4j-cypher-frontend-2.3-2.3.12.jar
2019-10-30 11:49:42.920+0000 INFO [o.n.k.i.DiagnosticsManager]  [classpath + loader.0] file:/Users/timkleier/MyApps/teleos/db/neo4j/development/lib/lucene-analyzers-common-5.5.5.jar
2019-10-30 11:49:42.920+0000 INFO [o.n.k.i.DiagnosticsManager]  [loader.1] file:/Library/Java/JavaVirtualMachines/adoptopenjdk-8.jdk/Contents/Home/jre/lib/ext/jaccess.jar
2019-10-30 11:49:42.920+0000 INFO [o.n.k.i.DiagnosticsManager]  [classpath + loader.0] file:/Users/timkleier/MyApps/teleos/db/neo4j/development/lib/neo4j-graphdb-api-3.4.1.jar
2019-10-30 11:49:42.920+0000 INFO [o.n.k.i.DiagnosticsManager]  [bootstrap] /Library/Java/JavaVirtualMachines/adoptopenjdk-8.jdk/Contents/Home/jre/lib/jce.jar
2019-10-30 11:49:42.920+0000 INFO [o.n.k.i.DiagnosticsManager]  [classpath + loader.0] file:/Users/timkleier/MyApps/teleos/db/neo4j/development/lib/neo4j-io-3.4.1.jar
2019-10-30 11:49:42.920+0000 INFO [o.n.k.i.DiagnosticsManager]  [classpath + loader.0] file:/Users/timkleier/MyApps/teleos/db/neo4j/development/lib/neo4j-cypher-compiler-3.1-3.1.8.jar
2019-10-30 11:49:42.920+0000 INFO [o.n.k.i.DiagnosticsManager]  [classpath + loader.0] file:/Users/timkleier/MyApps/teleos/db/neo4j/development/lib/neo4j-security-3.4.1.jar
2019-10-30 11:49:42.921+0000 INFO [o.n.k.i.DiagnosticsManager]  [classpath + loader.0] file:/Users/timkleier/MyApps/teleos/db/neo4j/development/lib/openCypher-frontend-1-3.4.1.jar
2019-10-30 11:49:42.921+0000 INFO [o.n.k.i.DiagnosticsManager]  [classpath + loader.0] file:/Users/timkleier/MyApps/teleos/db/neo4j/development/lib/netty-all-4.1.24.Final.jar
2019-10-30 11:49:42.921+0000 INFO [o.n.k.i.DiagnosticsManager]  [classpath + loader.0] file:/Users/timkleier/MyApps/teleos/db/neo4j/development/lib/neo4j-jmx-3.4.1.jar
2019-10-30 11:49:42.921+0000 INFO [o.n.k.i.DiagnosticsManager]  [classpath + loader.0] file:/Users/timkleier/MyApps/teleos/db/neo4j/development/lib/bcprov-jdk15on-1.59.jar
2019-10-30 11:49:42.921+0000 INFO [o.n.k.i.DiagnosticsManager]  [classpath + loader.0] file:/Users/timkleier/MyApps/teleos/db/neo4j/development/lib/neo4j-bolt-3.4.1.jar
2019-10-30 11:49:42.921+0000 INFO [o.n.k.i.DiagnosticsManager]  [classpath + loader.0] file:/Users/timkleier/MyApps/teleos/db/neo4j/development/lib/neo4j-udc-3.4.1.jar
2019-10-30 11:49:42.921+0000 INFO [o.n.k.i.DiagnosticsManager]  [classpath + loader.0] file:/Users/timkleier/MyApps/teleos/db/neo4j/development/lib/neo4j-cypher-compiler-3.3-3.3.5.jar
2019-10-30 11:49:42.921+0000 INFO [o.n.k.i.DiagnosticsManager]  [classpath + loader.0] file:/Users/timkleier/MyApps/teleos/db/neo4j/development/lib/neo4j-cypher-logical-plans-3.4-3.4.1.jar
2019-10-30 11:49:42.921+0000 INFO [o.n.k.i.DiagnosticsManager]  [classpath + loader.0] file:/Users/timkleier/MyApps/teleos/db/neo4j/development/lib/neo4j-cypher-expression-3.4-3.4.1.jar
2019-10-30 11:49:42.921+0000 INFO [o.n.k.i.DiagnosticsManager]  [classpath + loader.0] file:/Users/timkleier/MyApps/teleos/db/neo4j/development/lib/rhino-1.7.9.jar
2019-10-30 11:49:42.921+0000 INFO [o.n.k.i.DiagnosticsManager]  [classpath + loader.0] file:/Users/timkleier/MyApps/teleos/db/neo4j/development/lib/jackson-jaxrs-1.9.13.jar
2019-10-30 11:49:42.921+0000 INFO [o.n.k.i.DiagnosticsManager]  [classpath + loader.0] file:/Users/timkleier/MyApps/teleos/db/neo4j/development/lib/commons-logging-1.1.1.jar
2019-10-30 11:49:42.921+0000 INFO [o.n.k.i.DiagnosticsManager]  [classpath + loader.0] file:/Users/timkleier/MyApps/teleos/db/neo4j/development/lib/neo4j-csv-3.4.1.jar
2019-10-30 11:49:42.921+0000 INFO [o.n.k.i.DiagnosticsManager]  [bootstrap] /Library/Java/JavaVirtualMachines/adoptopenjdk-8.jdk/Contents/Home/jre/lib/resources.jar
2019-10-30 11:49:42.921+0000 INFO [o.n.k.i.DiagnosticsManager]  [classpath + loader.0] file:/Users/timkleier/MyApps/teleos/db/neo4j/development/lib/parboiled-core-1.1.7.jar
2019-10-30 11:49:42.921+0000 INFO [o.n.k.i.DiagnosticsManager]  [bootstrap] /Library/Java/JavaVirtualMachines/adoptopenjdk-8.jdk/Contents/Home/jre/lib/rt.jar
2019-10-30 11:49:42.921+0000 INFO [o.n.k.i.DiagnosticsManager]  [loader.1] file:/Library/Java/JavaVirtualMachines/adoptopenjdk-8.jdk/Contents/Home/jre/lib/ext/localedata.jar
2019-10-30 11:49:42.921+0000 INFO [o.n.k.i.DiagnosticsManager]  [classpath + loader.0] file:/Users/timkleier/MyApps/teleos/db/neo4j/development/lib/jackson-mapper-asl-1.9.13.jar
2019-10-30 11:49:42.922+0000 INFO [o.n.k.i.DiagnosticsManager]  [classpath + loader.0] file:/Users/timkleier/MyApps/teleos/db/neo4j/development/lib/lucene-core-5.5.5.jar
2019-10-30 11:49:42.922+0000 INFO [o.n.k.i.DiagnosticsManager]  [classpath + loader.0] file:/Users/timkleier/MyApps/teleos/db/neo4j/development/lib/jersey-servlet-1.19.3.jar
2019-10-30 11:49:42.922+0000 INFO [o.n.k.i.DiagnosticsManager]  [classpath + loader.0] file:/Users/timkleier/MyApps/teleos/db/neo4j/development/lib/neo4j-cypher-compiler-2.3-2.3.12.jar
2019-10-30 11:49:42.922+0000 INFO [o.n.k.i.DiagnosticsManager]  [classpath + loader.0] file:/Users/timkleier/MyApps/teleos/db/neo4j/development/lib/jetty-io-9.4.8.v20171121.jar
2019-10-30 11:49:42.922+0000 INFO [o.n.k.i.DiagnosticsManager]  [loader.1] file:/Library/Java/JavaVirtualMachines/adoptopenjdk-8.jdk/Contents/Home/jre/lib/ext/sunec.jar
2019-10-30 11:49:42.922+0000 INFO [o.n.k.i.DiagnosticsManager]  [classpath + loader.0] file:/Users/timkleier/MyApps/teleos/db/neo4j/development/lib/neo4j-cypher-planner-spi-3.4-3.4.1.jar
2019-10-30 11:49:42.922+0000 INFO [o.n.k.i.DiagnosticsManager]  [classpath + loader.0] file:/Users/timkleier/MyApps/teleos/db/neo4j/development/plugins/*
2019-10-30 11:49:42.922+0000 INFO [o.n.k.i.DiagnosticsManager]  [bootstrap] /Library/Java/JavaVirtualMachines/adoptopenjdk-8.jdk/Contents/Home/jre/lib/charsets.jar
2019-10-30 11:49:42.922+0000 INFO [o.n.k.i.DiagnosticsManager]  [classpath + loader.0] file:/Users/timkleier/MyApps/teleos/db/neo4j/development/lib/commons-compress-1.16.1.jar
2019-10-30 11:49:42.922+0000 INFO [o.n.k.i.DiagnosticsManager]  [classpath + loader.0] file:/Users/timkleier/MyApps/teleos/db/neo4j/development/lib/neo4j-graph-algo-3.4.1.jar
2019-10-30 11:49:42.922+0000 INFO [o.n.k.i.DiagnosticsManager]  [classpath + loader.0] file:/Users/timkleier/MyApps/teleos/db/neo4j/development/lib/neo4j-command-line-3.4.1.jar
2019-10-30 11:49:42.923+0000 INFO [o.n.k.i.DiagnosticsManager]  [classpath + loader.0] file:/Users/timkleier/MyApps/teleos/db/neo4j/development/lib/commons-lang-2.6.jar
2019-10-30 11:49:42.923+0000 INFO [o.n.k.i.DiagnosticsManager]  [classpath + loader.0] file:/Users/timkleier/MyApps/teleos/db/neo4j/development/lib/jetty-servlet-9.4.8.v20171121.jar
2019-10-30 11:49:42.923+0000 INFO [o.n.k.i.DiagnosticsManager]  [classpath + loader.0] file:/Users/timkleier/MyApps/teleos/db/neo4j/development/lib/neo4j-consistency-check-3.4.1.jar
2019-10-30 11:49:42.923+0000 INFO [o.n.k.i.DiagnosticsManager]  [classpath + loader.0] file:/Users/timkleier/MyApps/teleos/db/neo4j/development/lib/neo4j-graph-matching-3.1.6.jar
2019-10-30 11:49:42.923+0000 INFO [o.n.k.i.DiagnosticsManager]  [classpath + loader.0] file:/Users/timkleier/MyApps/teleos/db/neo4j/development/lib/neo4j-browser-3.1.14.jar
2019-10-30 11:49:42.923+0000 INFO [o.n.k.i.DiagnosticsManager]  [classpath + loader.0] file:/Users/timkleier/MyApps/teleos/db/neo4j/development/lib/neo4j-collections-3.4.1.jar
2019-10-30 11:49:42.923+0000 INFO [o.n.k.i.DiagnosticsManager]  [classpath + loader.0] file:/Users/timkleier/MyApps/teleos/db/neo4j/development/lib/jetty-http-9.4.8.v20171121.jar
2019-10-30 11:49:42.923+0000 INFO [o.n.k.i.DiagnosticsManager]  [classpath + loader.0] file:/Users/timkleier/MyApps/teleos/db/neo4j/development/lib/neo4j-shell-3.4.1.jar
2019-10-30 11:49:42.923+0000 INFO [o.n.k.i.DiagnosticsManager]  [bootstrap] /Library/Java/JavaVirtualMachines/adoptopenjdk-8.jdk/Contents/Home/jre/lib/sunrsasign.jar
2019-10-30 11:49:42.923+0000 INFO [o.n.k.i.DiagnosticsManager]  [loader.1] file:/Library/Java/JavaVirtualMachines/adoptopenjdk-8.jdk/Contents/Home/jre/lib/ext/sunjce_provider.jar
2019-10-30 11:49:42.923+0000 INFO [o.n.k.i.DiagnosticsManager]  [loader.1] file:/Library/Java/JavaVirtualMachines/adoptopenjdk-8.jdk/Contents/Home/jre/lib/ext/nashorn.jar
2019-10-30 11:49:42.923+0000 INFO [o.n.k.i.DiagnosticsManager]  [classpath + loader.0] file:/Users/timkleier/MyApps/teleos/db/neo4j/development/plugins/
2019-10-30 11:49:42.923+0000 INFO [o.n.k.i.DiagnosticsManager]  [classpath + loader.0] file:/Users/timkleier/MyApps/teleos/db/neo4j/development/lib/concurrentlinkedhashmap-lru-1.4.2.jar
2019-10-30 11:49:42.923+0000 INFO [o.n.k.i.DiagnosticsManager]  [classpath + loader.0] file:/Users/timkleier/MyApps/teleos/db/neo4j/development/lib/neo4j-server-3.4.1.jar
2019-10-30 11:49:42.923+0000 INFO [o.n.k.i.DiagnosticsManager]  [classpath + loader.0] file:/Users/timkleier/MyApps/teleos/db/neo4j/development/lib/neo4j-cypher-ir-3.4-3.4.1.jar
2019-10-30 11:49:42.923+0000 INFO [o.n.k.i.DiagnosticsManager]  [classpath + loader.0] file:/Users/timkleier/MyApps/teleos/db/neo4j/development/lib/opencsv-2.3.jar
2019-10-30 11:49:42.924+0000 INFO [o.n.k.i.DiagnosticsManager]  [classpath + loader.0] file:/Users/timkleier/MyApps/teleos/db/neo4j/development/lib/jline-2.12.jar
2019-10-30 11:49:42.924+0000 INFO [o.n.k.i.DiagnosticsManager]  [classpath + loader.0] file:/Users/timkleier/MyApps/teleos/db/neo4j/development/lib/neo4j-import-tool-3.4.1.jar
2019-10-30 11:49:42.924+0000 INFO [o.n.k.i.DiagnosticsManager]  [loader.1] file:/System/Library/Java/Extensions/MRJToolkit.jar
2019-10-30 11:49:42.924+0000 INFO [o.n.k.i.DiagnosticsManager]  [classpath + loader.0] file:/Users/timkleier/MyApps/teleos/db/neo4j/development/lib/neo4j-cypher-runtime-util-3.4.1.jar
2019-10-30 11:49:42.924+0000 INFO [o.n.k.i.DiagnosticsManager]  [classpath + loader.0] file:/Users/timkleier/MyApps/teleos/db/neo4j/development/lib/neo4j-dbms-3.4.1.jar
2019-10-30 11:49:42.924+0000 INFO [o.n.k.i.DiagnosticsManager]  [classpath + loader.0] file:/Users/timkleier/MyApps/teleos/db/neo4j/development/lib/jetty-webapp-9.4.8.v20171121.jar
2019-10-30 11:49:42.924+0000 INFO [o.n.k.i.DiagnosticsManager]  [loader.1] file:/Library/Java/JavaVirtualMachines/adoptopenjdk-8.jdk/Contents/Home/jre/lib/ext/sunpkcs11.jar
2019-10-30 11:49:42.924+0000 INFO [o.n.k.i.DiagnosticsManager]  [classpath + loader.0] file:/Users/timkleier/MyApps/teleos/db/neo4j/development/lib/neo4j-index-3.4.1.jar
2019-10-30 11:49:42.924+0000 INFO [o.n.k.i.DiagnosticsManager]  [classpath + loader.0] file:/Users/timkleier/MyApps/teleos/db/neo4j/development/lib/jackson-core-asl-1.9.13.jar
2019-10-30 11:49:42.924+0000 INFO [o.n.k.i.DiagnosticsManager]  [classpath + loader.0] file:/Users/timkleier/MyApps/teleos/db/neo4j/development/conf/
2019-10-30 11:49:42.924+0000 INFO [o.n.k.i.DiagnosticsManager]  [classpath + loader.0] file:/Users/timkleier/MyApps/teleos/db/neo4j/development/lib/lucene-codecs-5.5.5.jar
2019-10-30 11:49:42.924+0000 INFO [o.n.k.i.DiagnosticsManager]  [classpath + loader.0] file:/Users/timkleier/MyApps/teleos/db/neo4j/development/lib/lucene-queryparser-5.5.5.jar
2019-10-30 11:49:42.924+0000 INFO [o.n.k.i.DiagnosticsManager]  [classpath + loader.0] file:/Users/timkleier/MyApps/teleos/db/neo4j/development/lib/scala-reflect-2.11.12.jar
2019-10-30 11:49:42.924+0000 INFO [o.n.k.i.DiagnosticsManager]  [classpath + loader.0] file:/Users/timkleier/MyApps/teleos/db/neo4j/development/lib/jetty-security-9.4.8.v20171121.jar
2019-10-30 11:49:42.924+0000 INFO [o.n.k.i.DiagnosticsManager]  [classpath + loader.0] file:/Users/timkleier/MyApps/teleos/db/neo4j/development/lib/neo4j-kernel-3.4.1.jar
2019-10-30 11:49:42.924+0000 INFO [o.n.k.i.DiagnosticsManager]  [classpath + loader.0] file:/Users/timkleier/MyApps/teleos/db/neo4j/development/lib/jetty-xml-9.4.8.v20171121.jar
2019-10-30 11:49:42.924+0000 INFO [o.n.k.i.DiagnosticsManager]  [loader.1] file:/Library/Java/JavaVirtualMachines/adoptopenjdk-8.jdk/Contents/Home/jre/lib/ext/dnsns.jar
2019-10-30 11:49:42.924+0000 INFO [o.n.k.i.DiagnosticsManager]  [classpath + loader.0] file:/Users/timkleier/MyApps/teleos/db/neo4j/development/lib/caffeine-2.6.2.jar
2019-10-30 11:49:42.924+0000 INFO [o.n.k.i.DiagnosticsManager]  [classpath + loader.0] file:/Users/timkleier/MyApps/teleos/db/neo4j/development/lib/parboiled-scala_2.11-1.1.7.jar
2019-10-30 11:49:42.924+0000 INFO [o.n.k.i.DiagnosticsManager]  [classpath + loader.0] file:/Users/timkleier/MyApps/teleos/db/neo4j/development/lib/neo4j-resource-3.4.1.jar
2019-10-30 11:49:42.924+0000 INFO [o.n.k.i.DiagnosticsManager]  [classpath + loader.0] file:/Users/timkleier/MyApps/teleos/db/neo4j/development/lib/jersey-core-1.19.3.jar
2019-10-30 11:49:42.925+0000 INFO [o.n.k.i.DiagnosticsManager]  [classpath + loader.0] file:/Library/Java/JavaVirtualMachines/adoptopenjdk-8.jdk/Contents/Home/lib/tools.jar
2019-10-30 11:49:42.925+0000 INFO [o.n.k.i.DiagnosticsManager]  [classpath + loader.0] file:/Users/timkleier/MyApps/teleos/db/neo4j/development/lib/javax.servlet-api-3.1.0.jar
2019-10-30 11:49:42.925+0000 INFO [o.n.k.i.DiagnosticsManager]  [bootstrap] /Library/Java/JavaVirtualMachines/adoptopenjdk-8.jdk/Contents/Home/jre/lib/jsse.jar
2019-10-30 11:49:42.925+0000 INFO [o.n.k.i.DiagnosticsManager]  [classpath + loader.0] file:/Users/timkleier/MyApps/teleos/db/neo4j/development/lib/neo4j-lucene-upgrade-3.4.1.jar
2019-10-30 11:49:42.925+0000 INFO [o.n.k.i.DiagnosticsManager]  [loader.1] file:/Library/Java/JavaVirtualMachines/adoptopenjdk-8.jdk/Contents/Home/jre/lib/ext/zipfs.jar
2019-10-30 11:49:42.925+0000 INFO [o.n.k.i.DiagnosticsManager]  [classpath + loader.0] file:/Users/timkleier/MyApps/teleos/db/neo4j/development/lib/commons-text-1.3.jar
2019-10-30 11:49:42.925+0000 INFO [o.n.k.i.DiagnosticsManager]  [classpath + loader.0] file:/Users/timkleier/MyApps/teleos/db/neo4j/development/lib/neo4j-primitive-collections-3.4.1.jar
2019-10-30 11:49:42.925+0000 INFO [o.n.k.i.DiagnosticsManager]  [classpath + loader.0] file:/Users/timkleier/MyApps/teleos/db/neo4j/development/lib/jProcesses-1.6.4.jar
2019-10-30 11:49:42.925+0000 INFO [o.n.k.i.DiagnosticsManager]  [classpath + loader.0] file:/Users/timkleier/MyApps/teleos/db/neo4j/development/lib/commons-io-2.6.jar
2019-10-30 11:49:42.925+0000 INFO [o.n.k.i.DiagnosticsManager]  [classpath + loader.0] file:/Users/timkleier/MyApps/teleos/db/neo4j/development/lib/neo4j-configuration-3.4.1.jar
2019-10-30 11:49:42.926+0000 INFO [o.n.k.i.DiagnosticsManager]  [classpath + loader.0] file:/Users/timkleier/MyApps/teleos/db/neo4j/development/lib/neo4j-cypher-logical-plans-3.3-3.3.5.jar
2019-10-30 11:49:42.926+0000 INFO [o.n.k.i.DiagnosticsManager] Library path:
2019-10-30 11:49:42.926+0000 INFO [o.n.k.i.DiagnosticsManager] /Users/timkleier/Library/Java/Extensions
2019-10-30 11:49:42.926+0000 INFO [o.n.k.i.DiagnosticsManager] /Library/Java/Extensions
2019-10-30 11:49:42.926+0000 INFO [o.n.k.i.DiagnosticsManager] /Network/Library/Java/Extensions
2019-10-30 11:49:42.926+0000 INFO [o.n.k.i.DiagnosticsManager] /System/Library/Java/Extensions
2019-10-30 11:49:42.927+0000 INFO [o.n.k.i.DiagnosticsManager] /usr/lib/java
2019-10-30 11:49:42.927+0000 INFO [o.n.k.i.DiagnosticsManager] /Users/timkleier/MyApps/teleos
2019-10-30 11:49:42.927+0000 INFO [o.n.k.i.DiagnosticsManager] System.properties:
2019-10-30 11:49:42.927+0000 INFO [o.n.k.i.DiagnosticsManager] sun.boot.library.path = /Library/Java/JavaVirtualMachines/adoptopenjdk-8.jdk/Contents/Home/jre/lib
2019-10-30 11:49:42.927+0000 INFO [o.n.k.i.DiagnosticsManager] jdk.tls.rejectClientInitiatedRenegotiation = true
2019-10-30 11:49:42.927+0000 INFO [o.n.k.i.DiagnosticsManager] gopherProxySet = false
2019-10-30 11:49:42.927+0000 INFO [o.n.k.i.DiagnosticsManager] path.separator = :
2019-10-30 11:49:42.927+0000 INFO [o.n.k.i.DiagnosticsManager] file.encoding.pkg = sun.io
2019-10-30 11:49:42.927+0000 INFO [o.n.k.i.DiagnosticsManager] user.country = US
2019-10-30 11:49:42.927+0000 INFO [o.n.k.i.DiagnosticsManager] sun.java.launcher = SUN_STANDARD
2019-10-30 11:49:42.928+0000 INFO [o.n.k.i.DiagnosticsManager] sun.os.patch.level = unknown
2019-10-30 11:49:42.928+0000 INFO [o.n.k.i.DiagnosticsManager] user.dir = /Users/timkleier/MyApps/teleos
2019-10-30 11:49:42.928+0000 INFO [o.n.k.i.DiagnosticsManager] sun.jnu.encoding = UTF-8
2019-10-30 11:49:42.928+0000 INFO [o.n.k.i.DiagnosticsManager] unsupported.dbms.udc.source = tarball
2019-10-30 11:49:42.928+0000 INFO [o.n.k.i.DiagnosticsManager] sun.management.compiler = HotSpot 64-Bit Tiered Compilers
2019-10-30 11:49:42.928+0000 INFO [o.n.k.i.DiagnosticsManager] http.nonProxyHosts = local|*.local|169.254/16|*.169.254/16
2019-10-30 11:49:42.928+0000 INFO [o.n.k.i.DiagnosticsManager] user.home = /Users/timkleier
2019-10-30 11:49:42.928+0000 INFO [o.n.k.i.DiagnosticsManager] user.timezone = America/Denver
2019-10-30 11:49:42.928+0000 INFO [o.n.k.i.DiagnosticsManager] file.encoding = UTF-8
2019-10-30 11:49:42.928+0000 INFO [o.n.k.i.DiagnosticsManager] user.name = timkleier
2019-10-30 11:49:42.928+0000 INFO [o.n.k.i.DiagnosticsManager] sun.java.command = org.neo4j.server.CommunityEntryPoint --home-dir=/Users/timkleier/MyApps/teleos/db/neo4j/development --config-dir=/Users/timkleier/MyApps/teleos/db/neo4j/development/conf
2019-10-30 11:49:42.928+0000 INFO [o.n.k.i.DiagnosticsManager] sun.arch.data.model = 64
2019-10-30 11:49:42.928+0000 INFO [o.n.k.i.DiagnosticsManager] user.language = en
2019-10-30 11:49:42.928+0000 INFO [o.n.k.i.DiagnosticsManager] awt.toolkit = sun.lwawt.macosx.LWCToolkit
2019-10-30 11:49:42.928+0000 INFO [o.n.k.i.DiagnosticsManager] jdk.tls.ephemeralDHKeySize = 2048
2019-10-30 11:49:42.928+0000 INFO [o.n.k.i.DiagnosticsManager] file.separator = /
2019-10-30 11:49:42.928+0000 INFO [o.n.k.i.DiagnosticsManager] sun.io.unicode.encoding = UnicodeBig
2019-10-30 11:49:42.928+0000 INFO [o.n.k.i.DiagnosticsManager] sun.cpu.endian = little
2019-10-30 11:49:42.928+0000 INFO [o.n.k.i.DiagnosticsManager] socksNonProxyHosts = local|*.local|169.254/16|*.169.254/16
2019-10-30 11:49:42.929+0000 INFO [o.n.k.i.DiagnosticsManager] ftp.nonProxyHosts = local|*.local|169.254/16|*.169.254/16
2019-10-30 11:49:42.929+0000 INFO [o.n.k.i.DiagnosticsManager] sun.cpu.isalist = 
2019-10-30 11:49:42.929+0000 INFO [o.n.k.i.DiagnosticsManager] (IANA) TimeZone Database Version:
2019-10-30 11:49:42.975+0000 INFO [o.n.k.i.DiagnosticsManager]   TimeZone version: 2019c (available for 600 zone identifiers)
2019-10-30 11:49:42.975+0000 INFO [o.n.k.i.DiagnosticsManager] Network information:
2019-10-30 11:49:42.980+0000 INFO [o.n.k.i.DiagnosticsManager] Interface utun2:
2019-10-30 11:49:42.983+0000 INFO [o.n.k.i.DiagnosticsManager]     address: fe80:0:0:0:5c6e:dab1:f059:310%utun2
2019-10-30 11:49:42.983+0000 INFO [o.n.k.i.DiagnosticsManager] Interface utun1:
2019-10-30 11:49:42.983+0000 INFO [o.n.k.i.DiagnosticsManager]     address: fe80:0:0:0:fd8d:324f:2287:5de7%utun1
2019-10-30 11:49:42.983+0000 INFO [o.n.k.i.DiagnosticsManager] Interface utun0:
2019-10-30 11:49:42.983+0000 INFO [o.n.k.i.DiagnosticsManager]     address: fe80:0:0:0:617:2a06:6e72:b01e%utun0
2019-10-30 11:49:42.983+0000 INFO [o.n.k.i.DiagnosticsManager] Interface awdl0:
2019-10-30 11:49:42.983+0000 INFO [o.n.k.i.DiagnosticsManager]     address: fe80:0:0:0:3c40:13ff:fe56:170%awdl0
2019-10-30 11:49:42.984+0000 INFO [o.n.k.i.DiagnosticsManager] Interface en1:
2019-10-30 11:49:42.984+0000 INFO [o.n.k.i.DiagnosticsManager]     address: fe80:0:0:0:14cf:c016:4fd8:c3b7%en1
2019-10-30 11:49:42.984+0000 INFO [o.n.k.i.DiagnosticsManager]     address: 192.168.1.5
2019-10-30 11:49:42.984+0000 INFO [o.n.k.i.DiagnosticsManager] Interface lo0:
2019-10-30 11:49:42.984+0000 INFO [o.n.k.i.DiagnosticsManager]     address: fe80:0:0:0:0:0:0:1%lo0
2019-10-30 11:49:42.984+0000 INFO [o.n.k.i.DiagnosticsManager]     address: 0:0:0:0:0:0:0:1%lo0
2019-10-30 11:49:42.984+0000 INFO [o.n.k.i.DiagnosticsManager]     address: 127.0.0.1
2019-10-30 11:49:42.984+0000 INFO [o.n.k.i.DiagnosticsManager] --- INITIALIZED diagnostics END ---
2019-10-30 11:49:43.324+0000 INFO [o.n.b.BoltKernelExtension] Bolt Server extension loaded.
2019-10-30 11:49:43.619+0000 INFO [o.n.k.i.s.f.RecordFormatSelector] Selected format 'RecordFormat:StandardV3_4[v0.A.9]' for the new store
2019-10-30 11:49:44.210+0000 INFO [o.n.k.i.i.l.NativeLabelScanStore] No scan store found, this might just be first use. Preparing to rebuild.
2019-10-30 11:49:44.266+0000 INFO [o.n.k.NeoStoreDataSource] Rotated to transaction log [/Users/timkleier/MyApps/teleos/db/neo4j/development/data/databases/graph.db/neostore.transaction.db.0] version=0, last transaction in previous log=1
2019-10-30 11:49:44.268+0000 INFO [o.n.k.NeoStoreDataSource] No commits found after last check point (which is at <no log position given>)
2019-10-30 11:49:44.284+0000 WARN [o.n.k.i.s.MetaDataStore] Missing counts store, rebuilding it.
2019-10-30 11:49:44.412+0000 WARN [o.n.k.i.s.MetaDataStore] Counts store rebuild completed.
2019-10-30 11:49:44.442+0000 INFO [o.n.k.i.i.l.NativeLabelScanStore] Rebuilding scan store, this may take a while
2019-10-30 11:49:44.454+0000 INFO [o.n.k.i.i.l.NativeLabelScanStore] Scan store rebuilt (roughly 0 nodes)
2019-10-30 11:49:44.503+0000 INFO [o.n.k.i.DatabaseHealth] Database health set to OK
2019-10-30 11:49:50.106+0000 INFO [o.n.b.BoltKernelExtension] Bolt enabled on localhost:7472.
2019-10-30 11:49:50.127+0000 INFO [o.n.k.AvailabilityGuard] Fulfilling of requirement makes database available: Database available
2019-10-30 11:49:50.128+0000 INFO [o.n.k.i.f.GraphDatabaseFacadeFactory] Database is now ready
2019-10-30 11:49:50.131+0000 INFO [o.n.k.i.DiagnosticsManager] --- STARTED diagnostics for KernelDiagnostics:Versions START ---
2019-10-30 11:49:50.131+0000 INFO [o.n.k.i.DiagnosticsManager] Graph Database: community single StoreId{creationTime=1572436183931, randomId=-5225252800392367323, storeVersion=16094931155187206, upgradeTime=1572436183931, upgradeId=1}
2019-10-30 11:49:50.131+0000 INFO [o.n.k.i.DiagnosticsManager] Kernel version: 3.4.1,bf2fd1991decc5b49b63105e793230f19ccf6f15
2019-10-30 11:49:50.131+0000 INFO [o.n.k.i.DiagnosticsManager] --- STARTED diagnostics for KernelDiagnostics:Versions END ---
2019-10-30 11:49:50.134+0000 INFO [o.n.k.i.DiagnosticsManager] --- STARTED diagnostics for NEO_STORE_VERSIONS START ---
2019-10-30 11:49:50.136+0000 INFO [o.n.k.i.DiagnosticsManager] Store versions:
2019-10-30 11:49:50.136+0000 INFO [o.n.k.i.DiagnosticsManager] Store versions:
2019-10-30 11:49:50.138+0000 INFO [o.n.k.i.DiagnosticsManager]   ArrayPropertyStore v0.A.9
2019-10-30 11:49:50.138+0000 INFO [o.n.k.i.DiagnosticsManager]   NodeStore v0.A.9
2019-10-30 11:49:50.138+0000 INFO [o.n.k.i.DiagnosticsManager]   StringPropertyStore v0.A.9
2019-10-30 11:49:50.139+0000 INFO [o.n.k.i.DiagnosticsManager]   PropertyIndexStore v0.A.9
2019-10-30 11:49:50.139+0000 INFO [o.n.k.i.DiagnosticsManager]   StringPropertyStore v0.A.9
2019-10-30 11:49:50.139+0000 INFO [o.n.k.i.DiagnosticsManager]   ArrayPropertyStore v0.A.9
2019-10-30 11:49:50.139+0000 INFO [o.n.k.i.DiagnosticsManager]   PropertyStore v0.A.9
2019-10-30 11:49:50.139+0000 INFO [o.n.k.i.DiagnosticsManager]   RelationshipStore v0.A.9
2019-10-30 11:49:50.139+0000 INFO [o.n.k.i.DiagnosticsManager]   StringPropertyStore v0.A.9
2019-10-30 11:49:50.139+0000 INFO [o.n.k.i.DiagnosticsManager]   RelationshipTypeStore v0.A.9
2019-10-30 11:49:50.139+0000 INFO [o.n.k.i.DiagnosticsManager]   StringPropertyStore v0.A.9
2019-10-30 11:49:50.139+0000 INFO [o.n.k.i.DiagnosticsManager]   LabelTokenStore v0.A.9
2019-10-30 11:49:50.139+0000 INFO [o.n.k.i.DiagnosticsManager]   SchemaStore v0.A.9
2019-10-30 11:49:50.139+0000 INFO [o.n.k.i.DiagnosticsManager]   RelationshipGroupStore v0.A.9
2019-10-30 11:49:50.139+0000 INFO [o.n.k.i.DiagnosticsManager]   NeoStore v0.A.9
2019-10-30 11:49:50.140+0000 INFO [o.n.k.i.DiagnosticsManager] --- STARTED diagnostics for NEO_STORE_VERSIONS END ---
2019-10-30 11:49:50.140+0000 INFO [o.n.k.i.DiagnosticsManager] --- STARTED diagnostics for NEO_STORE_ID_USAGE START ---
2019-10-30 11:49:50.140+0000 INFO [o.n.k.i.DiagnosticsManager] Id usage:
2019-10-30 11:49:50.140+0000 INFO [o.n.k.i.DiagnosticsManager] Id usage:
2019-10-30 11:49:50.141+0000 INFO [o.n.k.i.DiagnosticsManager]   ArrayPropertyStore: used=1 high=0
2019-10-30 11:49:50.141+0000 INFO [o.n.k.i.DiagnosticsManager]   NodeStore: used=0 high=-1
2019-10-30 11:49:50.141+0000 INFO [o.n.k.i.DiagnosticsManager]   StringPropertyStore: used=1 high=0
2019-10-30 11:49:50.141+0000 INFO [o.n.k.i.DiagnosticsManager]   PropertyIndexStore: used=0 high=-1
2019-10-30 11:49:50.141+0000 INFO [o.n.k.i.DiagnosticsManager]   StringPropertyStore: used=1 high=0
2019-10-30 11:49:50.141+0000 INFO [o.n.k.i.DiagnosticsManager]   ArrayPropertyStore: used=1 high=0
2019-10-30 11:49:50.141+0000 INFO [o.n.k.i.DiagnosticsManager]   PropertyStore: used=0 high=-1
2019-10-30 11:49:50.141+0000 INFO [o.n.k.i.DiagnosticsManager]   RelationshipStore: used=0 high=-1
2019-10-30 11:49:50.141+0000 INFO [o.n.k.i.DiagnosticsManager]   StringPropertyStore: used=1 high=0
2019-10-30 11:49:50.142+0000 INFO [o.n.k.i.DiagnosticsManager]   RelationshipTypeStore: used=0 high=-1
2019-10-30 11:49:50.142+0000 INFO [o.n.k.i.DiagnosticsManager]   StringPropertyStore: used=1 high=0
2019-10-30 11:49:50.142+0000 INFO [o.n.k.i.DiagnosticsManager]   LabelTokenStore: used=0 high=-1
2019-10-30 11:49:50.142+0000 INFO [o.n.k.i.DiagnosticsManager]   SchemaStore: used=1 high=0
2019-10-30 11:49:50.142+0000 INFO [o.n.k.i.DiagnosticsManager]   RelationshipGroupStore: used=1 high=0
2019-10-30 11:49:50.142+0000 INFO [o.n.k.i.DiagnosticsManager]   NeoStore: used=15 high=14
2019-10-30 11:49:50.142+0000 INFO [o.n.k.i.DiagnosticsManager] --- STARTED diagnostics for NEO_STORE_ID_USAGE END ---
2019-10-30 11:49:50.142+0000 INFO [o.n.k.i.DiagnosticsManager] --- STARTED diagnostics for NEO_STORE_RECORDS START ---
2019-10-30 11:49:50.142+0000 INFO [o.n.k.i.DiagnosticsManager] Neostore records:
2019-10-30 11:49:50.143+0000 INFO [o.n.k.i.DiagnosticsManager] TIME (Creation time): 1572436183931
2019-10-30 11:49:50.143+0000 INFO [o.n.k.i.DiagnosticsManager] RANDOM_NUMBER (Random number for store id): -5225252800392367323
2019-10-30 11:49:50.143+0000 INFO [o.n.k.i.DiagnosticsManager] LOG_VERSION (Current log version): 0
2019-10-30 11:49:50.143+0000 INFO [o.n.k.i.DiagnosticsManager] LAST_TRANSACTION_ID (Last committed transaction): 1
2019-10-30 11:49:50.144+0000 INFO [o.n.k.i.DiagnosticsManager] STORE_VERSION (Store format version): 16094931155187206
2019-10-30 11:49:50.144+0000 INFO [o.n.k.i.DiagnosticsManager] FIRST_GRAPH_PROPERTY (First property record containing graph properties): -1
2019-10-30 11:49:50.144+0000 INFO [o.n.k.i.DiagnosticsManager] LAST_CONSTRAINT_TRANSACTION (Last committed transaction containing constraint changes): 0
2019-10-30 11:49:50.144+0000 INFO [o.n.k.i.DiagnosticsManager] UPGRADE_TRANSACTION_ID (Transaction id most recent upgrade was performed at): 1
2019-10-30 11:49:50.144+0000 INFO [o.n.k.i.DiagnosticsManager] UPGRADE_TIME (Time of last upgrade): 1572436183931
2019-10-30 11:49:50.144+0000 INFO [o.n.k.i.DiagnosticsManager] LAST_TRANSACTION_CHECKSUM (Checksum of last committed transaction): 0
2019-10-30 11:49:50.144+0000 INFO [o.n.k.i.DiagnosticsManager] UPGRADE_TRANSACTION_CHECKSUM (Checksum of transaction id the most recent upgrade was performed at): 0
2019-10-30 11:49:50.144+0000 INFO [o.n.k.i.DiagnosticsManager] LAST_CLOSED_TRANSACTION_LOG_VERSION (Log version where the last transaction commit entry has been written into): 0
2019-10-30 11:49:50.144+0000 INFO [o.n.k.i.DiagnosticsManager] LAST_CLOSED_TRANSACTION_LOG_BYTE_OFFSET (Byte offset in the log file where the last transaction commit entry has been written into): 16
2019-10-30 11:49:50.144+0000 INFO [o.n.k.i.DiagnosticsManager] LAST_TRANSACTION_COMMIT_TIMESTAMP (Commit time timestamp for last committed transaction): 0
2019-10-30 11:49:50.144+0000 INFO [o.n.k.i.DiagnosticsManager] UPGRADE_TRANSACTION_COMMIT_TIMESTAMP (Commit timestamp of transaction the most recent upgrade was performed at): 0
2019-10-30 11:49:50.145+0000 INFO [o.n.k.i.DiagnosticsManager] --- STARTED diagnostics for NEO_STORE_RECORDS END ---
2019-10-30 11:49:50.146+0000 INFO [o.n.k.i.DiagnosticsManager] --- STARTED diagnostics for TRANSACTION_RANGE START ---
2019-10-30 11:49:50.146+0000 INFO [o.n.k.i.DiagnosticsManager] Transaction log:
2019-10-30 11:49:50.146+0000 INFO [o.n.k.i.DiagnosticsManager] No transactions found in any log
2019-10-30 11:49:50.147+0000 INFO [o.n.k.i.DiagnosticsManager] --- STARTED diagnostics for TRANSACTION_RANGE END ---
2019-10-30 11:49:50.162+0000 INFO [o.n.k.i.DiagnosticsManager] --- STARTED diagnostics for KernelDiagnostics:StoreFiles START ---
2019-10-30 11:49:50.163+0000 INFO [o.n.k.i.DiagnosticsManager] Disk space on partition (Total / Free / Free %): 998982549504 / 819662393344 / 82
2019-10-30 11:49:50.163+0000 INFO [o.n.k.i.DiagnosticsManager] Storage files: (filename : modification date - size)
2019-10-30 11:49:50.164+0000 INFO [o.n.k.i.DiagnosticsManager]   index:
2019-10-30 11:49:50.165+0000 INFO [o.n.k.i.DiagnosticsManager]   - Total: 2019-10-30T05:49:44-0600 - 0.00 B
2019-10-30 11:49:50.166+0000 INFO [o.n.k.i.DiagnosticsManager]   neostore: 2019-10-30T05:49:43-0600 - 8.00 kB
2019-10-30 11:49:50.167+0000 INFO [o.n.k.i.DiagnosticsManager]   neostore.counts.db.a: 2019-10-30T05:49:44-0600 - 96.00 B
2019-10-30 11:49:50.167+0000 INFO [o.n.k.i.DiagnosticsManager]   neostore.id: 2019-10-30T05:49:43-0600 - 9.00 B
2019-10-30 11:49:50.167+0000 INFO [o.n.k.i.DiagnosticsManager]   neostore.labelscanstore.db: 2019-10-30T05:49:44-0600 - 40.00 kB
2019-10-30 11:49:50.167+0000 INFO [o.n.k.i.DiagnosticsManager]   neostore.labeltokenstore.db: 2019-10-30T05:49:43-0600 - 0.00 B
2019-10-30 11:49:50.168+0000 INFO [o.n.k.i.DiagnosticsManager]   neostore.labeltokenstore.db.id: 2019-10-30T05:49:43-0600 - 9.00 B
2019-10-30 11:49:50.168+0000 INFO [o.n.k.i.DiagnosticsManager]   neostore.labeltokenstore.db.names: 2019-10-30T05:49:43-0600 - 8.00 kB
2019-10-30 11:49:50.168+0000 INFO [o.n.k.i.DiagnosticsManager]   neostore.labeltokenstore.db.names.id: 2019-10-30T05:49:43-0600 - 9.00 B
2019-10-30 11:49:50.168+0000 INFO [o.n.k.i.DiagnosticsManager]   neostore.nodestore.db: 2019-10-30T05:49:43-0600 - 0.00 B
2019-10-30 11:49:50.169+0000 INFO [o.n.k.i.DiagnosticsManager]   neostore.nodestore.db.id: 2019-10-30T05:49:43-0600 - 9.00 B
2019-10-30 11:49:50.169+0000 INFO [o.n.k.i.DiagnosticsManager]   neostore.nodestore.db.labels: 2019-10-30T05:49:43-0600 - 8.00 kB
2019-10-30 11:49:50.169+0000 INFO [o.n.k.i.DiagnosticsManager]   neostore.nodestore.db.labels.id: 2019-10-30T05:49:43-0600 - 9.00 B
2019-10-30 11:49:50.169+0000 INFO [o.n.k.i.DiagnosticsManager]   neostore.propertystore.db: 2019-10-30T05:49:43-0600 - 0.00 B
2019-10-30 11:49:50.170+0000 INFO [o.n.k.i.DiagnosticsManager]   neostore.propertystore.db.arrays: 2019-10-30T05:49:43-0600 - 8.00 kB
2019-10-30 11:49:50.170+0000 INFO [o.n.k.i.DiagnosticsManager]   neostore.propertystore.db.arrays.id: 2019-10-30T05:49:43-0600 - 9.00 B
2019-10-30 11:49:50.172+0000 INFO [o.n.k.i.DiagnosticsManager]   neostore.propertystore.db.id: 2019-10-30T05:49:43-0600 - 9.00 B
2019-10-30 11:49:50.173+0000 INFO [o.n.k.i.DiagnosticsManager]   neostore.propertystore.db.index: 2019-10-30T05:49:43-0600 - 0.00 B
2019-10-30 11:49:50.173+0000 INFO [o.n.k.i.DiagnosticsManager]   neostore.propertystore.db.index.id: 2019-10-30T05:49:43-0600 - 9.00 B
2019-10-30 11:49:50.173+0000 INFO [o.n.k.i.DiagnosticsManager]   neostore.propertystore.db.index.keys: 2019-10-30T05:49:43-0600 - 8.00 kB
2019-10-30 11:49:50.173+0000 INFO [o.n.k.i.DiagnosticsManager]   neostore.propertystore.db.index.keys.id: 2019-10-30T05:49:43-0600 - 9.00 B
2019-10-30 11:49:50.173+0000 INFO [o.n.k.i.DiagnosticsManager]   neostore.propertystore.db.strings: 2019-10-30T05:49:43-0600 - 8.00 kB
2019-10-30 11:49:50.174+0000 INFO [o.n.k.i.DiagnosticsManager]   neostore.propertystore.db.strings.id: 2019-10-30T05:49:43-0600 - 9.00 B
2019-10-30 11:49:50.183+0000 INFO [o.n.k.i.DiagnosticsManager]   neostore.relationshipgroupstore.db: 2019-10-30T05:49:43-0600 - 8.00 kB
2019-10-30 11:49:50.184+0000 INFO [o.n.k.i.DiagnosticsManager]   neostore.relationshipgroupstore.db.id: 2019-10-30T05:49:43-0600 - 9.00 B
2019-10-30 11:49:50.184+0000 INFO [o.n.k.i.DiagnosticsManager]   neostore.relationshipstore.db: 2019-10-30T05:49:43-0600 - 0.00 B
2019-10-30 11:49:50.184+0000 INFO [o.n.k.i.DiagnosticsManager]   neostore.relationshipstore.db.id: 2019-10-30T05:49:43-0600 - 9.00 B
2019-10-30 11:49:50.184+0000 INFO [o.n.k.i.DiagnosticsManager]   neostore.relationshiptypestore.db: 2019-10-30T05:49:43-0600 - 0.00 B
2019-10-30 11:49:50.185+0000 INFO [o.n.k.i.DiagnosticsManager]   neostore.relationshiptypestore.db.id: 2019-10-30T05:49:43-0600 - 9.00 B
2019-10-30 11:49:50.185+0000 INFO [o.n.k.i.DiagnosticsManager]   neostore.relationshiptypestore.db.names: 2019-10-30T05:49:43-0600 - 8.00 kB
2019-10-30 11:49:50.185+0000 INFO [o.n.k.i.DiagnosticsManager]   neostore.relationshiptypestore.db.names.id: 2019-10-30T05:49:43-0600 - 9.00 B
2019-10-30 11:49:50.186+0000 INFO [o.n.k.i.DiagnosticsManager]   neostore.schemastore.db: 2019-10-30T05:49:43-0600 - 8.00 kB
2019-10-30 11:49:50.186+0000 INFO [o.n.k.i.DiagnosticsManager]   neostore.schemastore.db.id: 2019-10-30T05:49:43-0600 - 9.00 B
2019-10-30 11:49:50.187+0000 INFO [o.n.k.i.DiagnosticsManager]   neostore.transaction.db.0: 2019-10-30T05:49:44-0600 - 16.00 B
2019-10-30 11:49:50.187+0000 INFO [o.n.k.i.DiagnosticsManager]   store_lock: 2019-10-30T05:49:43-0600 - 0.00 B
2019-10-30 11:49:50.187+0000 INFO [o.n.k.i.DiagnosticsManager] Storage summary: 
2019-10-30 11:49:50.187+0000 INFO [o.n.k.i.DiagnosticsManager]   Total size of store: 112.24 kB
2019-10-30 11:49:50.187+0000 INFO [o.n.k.i.DiagnosticsManager]   Total size of mapped files: 112.00 kB
2019-10-30 11:49:50.187+0000 INFO [o.n.k.i.DiagnosticsManager] --- STARTED diagnostics for KernelDiagnostics:StoreFiles END ---
2019-10-30 11:49:52.915+0000 INFO [o.n.k.i.DiagnosticsManager] --- SERVER STARTED START ---
2019-10-30 11:49:54.960+0000 INFO [o.n.k.i.DiagnosticsManager] --- SERVER STARTED END ---
2019-10-30 11:51:42.863+0000 INFO [o.n.k.i.a.i.IndexPopulationJob] Index population started: [:Neo4j::Migrations::SchemaMigration(migration_id) [provider: {key=lucene+native, version=2.0}]]
2019-10-30 11:51:43.239+0000 INFO [o.n.k.i.a.i.IndexPopulationJob] Completed node store scan. Flushing all pending updates.
BatchingMultipleIndexPopulator{activeTasks=0, executor=java.util.concurrent.ThreadPoolExecutor@3d429bbd[Running, pool size = 1, active threads = 0, queued tasks = 0, completed tasks = 1], batchedUpdates = [0 updates], queuedUpdates = 0}
2019-10-30 11:51:43.240+0000 INFO [o.n.k.i.a.i.IndexPopulationJob] Shutting down executor.
BatchingMultipleIndexPopulator{activeTasks=1, executor=java.util.concurrent.ThreadPoolExecutor@3d429bbd[Running, pool size = 2, active threads = 1, queued tasks = 0, completed tasks = 1], batchedUpdates = [0 updates], queuedUpdates = 0}
2019-10-30 11:51:43.367+0000 INFO [o.n.k.i.a.i.IndexPopulationJob] Index population completed. Index [:Neo4j::Migrations::SchemaMigration(migration_id) [provider: {key=lucene+native, version=2.0}]] is POPULATING.
2019-10-30 11:51:43.788+0000 INFO [o.n.k.i.a.i.IndexPopulationJob] Index population started: [:ContentItem(uuid) [provider: {key=lucene+native, version=2.0}]]
2019-10-30 11:51:43.810+0000 INFO [o.n.k.i.a.i.IndexPopulationJob] Completed node store scan. Flushing all pending updates.
BatchingMultipleIndexPopulator{activeTasks=1, executor=java.util.concurrent.ThreadPoolExecutor@1b113ff5[Running, pool size = 1, active threads = 1, queued tasks = 0, completed tasks = 0], batchedUpdates = [0 updates], queuedUpdates = 0}
2019-10-30 11:51:43.811+0000 INFO [o.n.k.i.a.i.IndexPopulationJob] Shutting down executor.
BatchingMultipleIndexPopulator{activeTasks=1, executor=java.util.concurrent.ThreadPoolExecutor@1b113ff5[Running, pool size = 2, active threads = 1, queued tasks = 0, completed tasks = 1], batchedUpdates = [0 updates], queuedUpdates = 0}
2019-10-30 11:51:43.847+0000 INFO [o.n.k.i.a.i.IndexPopulationJob] Index population completed. Index [:ContentItem(uuid) [provider: {key=lucene+native, version=2.0}]] is POPULATING.
2019-10-30 11:51:44.059+0000 INFO [o.n.k.i.a.i.IndexPopulationJob] Index population started: [:ContentSource(uuid) [provider: {key=lucene+native, version=2.0}]]
2019-10-30 11:51:44.093+0000 INFO [o.n.k.i.a.i.IndexPopulationJob] Completed node store scan. Flushing all pending updates.
BatchingMultipleIndexPopulator{activeTasks=1, executor=java.util.concurrent.ThreadPoolExecutor@60fc4025[Running, pool size = 1, active threads = 1, queued tasks = 0, completed tasks = 0], batchedUpdates = [0 updates], queuedUpdates = 0}
2019-10-30 11:51:44.094+0000 INFO [o.n.k.i.a.i.IndexPopulationJob] Shutting down executor.
BatchingMultipleIndexPopulator{activeTasks=1, executor=java.util.concurrent.ThreadPoolExecutor@60fc4025[Running, pool size = 2, active threads = 1, queued tasks = 0, completed tasks = 1], batchedUpdates = [0 updates], queuedUpdates = 0}
2019-10-30 11:51:44.137+0000 INFO [o.n.k.i.a.i.IndexPopulationJob] Index population completed. Index [:ContentSource(uuid) [provider: {key=lucene+native, version=2.0}]] is POPULATING.
2019-10-30 11:51:44.237+0000 INFO [o.n.k.i.a.i.IndexPopulationJob] Index population started: [:ContentType(uuid) [provider: {key=lucene+native, version=2.0}]]
2019-10-30 11:51:44.256+0000 INFO [o.n.k.i.a.i.IndexPopulationJob] Completed node store scan. Flushing all pending updates.
BatchingMultipleIndexPopulator{activeTasks=1, executor=java.util.concurrent.ThreadPoolExecutor@7f6a3e9f[Running, pool size = 1, active threads = 1, queued tasks = 0, completed tasks = 0], batchedUpdates = [0 updates], queuedUpdates = 0}
2019-10-30 11:51:44.257+0000 INFO [o.n.k.i.a.i.IndexPopulationJob] Shutting down executor.
BatchingMultipleIndexPopulator{activeTasks=1, executor=java.util.concurrent.ThreadPoolExecutor@7f6a3e9f[Running, pool size = 2, active threads = 1, queued tasks = 0, completed tasks = 1], batchedUpdates = [0 updates], queuedUpdates = 0}
2019-10-30 11:51:44.275+0000 INFO [o.n.k.i.a.i.IndexPopulationJob] Index population completed. Index [:ContentType(uuid) [provider: {key=lucene+native, version=2.0}]] is POPULATING.
2019-10-30 11:55:48.216+0000 INFO [o.n.c.i.CommunityCompatibilityFactory] Discarded stale query from the query cache after 224 seconds: MATCH (a)-[r]->(b) WHERE id(a) IN $existingNodeIds AND id(b) IN $newNodeIds RETURN r;
2019-10-30 11:55:48.237+0000 INFO [o.n.c.i.ExecutionEngine] Discarded stale query from the query cache after 224 seconds: MATCH (a)-[r]->(b) WHERE id(a) IN $existingNodeIds AND id(b) IN $newNodeIds RETURN r;
